<?xml version="1.0" encoding="UTF-8"?>
<!-- Generated by org.testng.reporters.JUnitReportReporter -->
<testsuite hostname="ATLDEVVRAJ" name="com.training.LogInTest" tests="2" failures="0" timestamp="12 Aug 2016 18:53:16 GMT" time="0.012" errors="0">
  <testcase name="testMethod2" time="0.002" classname="com.training.LogInTest"/>
  <testcase name="testMethod1" time="0.010" classname="com.training.LogInTest"/>
</testsuite> <!-- com.training.LogInTest -->
