<?xml version="1.0" encoding="UTF-8"?>
<!-- Generated by org.testng.reporters.JUnitReportReporter -->
<testsuite hostname="ATLDEVVRAJ" name="com.training.LogInTest" tests="2" failures="0" timestamp="10 Aug 2016 01:16:29 GMT" time="0.011" errors="0">
  <testcase name="testMethod2" time="0.001" classname="com.training.LogInTest"/>
  <testcase name="testMethod1" time="0.010" classname="com.training.LogInTest"/>
</testsuite> <!-- com.training.LogInTest -->
